make all --print-data-base --no-builtin-variables --no-builtin-rules --question
make: *** No rule to make target 'all'.  Stop.

# GNU Make 4.3
# Built for x86_64-pc-linux-gnu
# Copyright (C) 1988-2020 Free Software Foundation, Inc.
# License GPLv3+: GNU GPL version 3 or later <http://gnu.org/licenses/gpl.html>
# This is free software: you are free to change and redistribute it.
# There is NO WARRANTY, to the extent permitted by law.

# Make data base, printed on Tue Apr  5 11:45:51 2022

# Variables

# environment
REMOTE_CONTAINERS_SOCKETS = ["/tmp/vscode-ssh-auth-944e084ef73d9d35e5c6d449b4580d40c74625a5.sock"]
# environment
LC_ALL = C
# environment
VSCODE_CWD = /root/.vscode-server/bin/e18005f0f1b33c29e81d732535d8c0e47cafb0b5
# default
MAKE_COMMAND := make
# automatic
@D = $(patsubst %/,%,$(dir $@))
# environment
VSCODE_HANDLES_UNCAUGHT_ERRORS = true
# default
.VARIABLES := 
# environment
PWD = /code
# automatic
%D = $(patsubst %/,%,$(dir $%))
# environment
HOSTNAME = f444a9b62b98
# automatic
^D = $(patsubst %/,%,$(dir $^))
# environment
VSCODE_LOG_STACK = false
# automatic
%F = $(notdir $%)
# environment
LANG = C
# default
.LOADED := 
# default
.INCLUDE_DIRS = /usr/local/include /usr/include /usr/include
# makefile
MAKEFLAGS = pqrR
# makefile
CURDIR := /code
# environment
VSCODE_PIPE_LOGGING = true
# environment
APPLICATION_INSIGHTS_NO_DIAGNOSTIC_CHANNEL = 1
# automatic
*D = $(patsubst %/,%,$(dir $*))
# environment
MFLAGS = -pqrR
# environment
SSH_AUTH_SOCK = /tmp/vscode-ssh-auth-944e084ef73d9d35e5c6d449b4580d40c74625a5.sock
# default
.SHELLFLAGS := -c
# automatic
+D = $(patsubst %/,%,$(dir $+))
# makefile (from 'Makefile', line 1)
MAKEFILE_LIST := Makefile
# automatic
@F = $(notdir $@)
# environment
VSCODE_VERBOSE_LOGGING = true
# makefile (from 'Makefile', line 4)
OBJ_MASTER = master.o metadata_utils.o queue.o threading_utils.o
# automatic
?D = $(patsubst %/,%,$(dir $?))
# automatic
*F = $(notdir $*)
# automatic
<D = $(patsubst %/,%,$(dir $<))
# environment
VSCODE_NLS_CONFIG = {"locale":"en","availableLanguages":{}}
# default
MAKE_HOST := x86_64-pc-linux-gnu
# makefile
SHELL = /bin/sh
# default
MAKECMDGOALS := all
# environment
SHLVL = 1
# environment
MAKELEVEL := 0
# default
MAKE = $(MAKE_COMMAND)
# environment
PATH = /root/.vscode-server/bin/e18005f0f1b33c29e81d732535d8c0e47cafb0b5/bin/remote-cli:/usr/local/sbin:/usr/local/bin:/usr/sbin:/usr/bin:/sbin:/bin
# default
MAKEFILES := 
# automatic
^F = $(notdir $^)
# environment
VSCODE_LOG_NATIVE = false
# environment
REMOTE_CONTAINERS_IPC = /tmp/vscode-remote-containers-ipc-944e084ef73d9d35e5c6d449b4580d40c74625a5.sock
# environment
REMOTE_CONTAINERS = true
# automatic
?F = $(notdir $?)
# environment
LS_COLORS = 
# automatic
+F = $(notdir $+)
# 'override' directive
GNUMAKEFLAGS := 
# environment
BROWSER = /root/.vscode-server/bin/e18005f0f1b33c29e81d732535d8c0e47cafb0b5/bin/helpers/browser.sh
# makefile
.DEFAULT_GOAL := clean
# default
MAKE_VERSION := 4.3
# environment
VSCODE_EXTHOST_WILL_SEND_SOCKET = true
# environment
DEBUGINFOD_URLS = 
# environment
VSCODE_AGENT_FOLDER = /root/.vscode-server
# environment
_ = /usr/bin/cat
# makefile (from 'Makefile', line 2)
CFLAGS = -I. -lpthread -luuid
# environment
VSCODE_IPC_HOOK_CLI = /tmp/vscode-ipc-7e4d9646-a562-49ab-8859-0ec9cfe0c2f8.sock
# environment
VSCODE_AMD_ENTRYPOINT = vs/workbench/api/node/extensionHostProcess
# environment
HOME = /root
# default
.RECIPEPREFIX := 
# automatic
<F = $(notdir $<)
# makefile (from 'Makefile', line 3)
DEPS = main.h
# default
SUFFIXES := 
# default
.FEATURES := target-specific order-only second-expansion else-if shortest-stem undefine oneshell nocomment grouped-target extra-prereqs archives jobserver output-sync check-symlink load
# makefile (from 'Makefile', line 1)
CC = gcc
# makefile (from 'Makefile', line 5)
OBJ_WORKER = worker.o metadata_utils.o queue.o threading_utils.o
# variable set hash-table stats:
# Load=67/1024=7%, Rehash=0, Collisions=2/100=2%

# Pattern-specific Variable Values

# No pattern-specific variable values.

# Directories

# . (device 113, inode 17891125): 16 files, no impossibilities.

# 16 files, no impossibilities in 1 directories.

# Implicit Rules

%.o: %.c main.h
#  recipe to execute (from 'Makefile', line 8):
	$(CC) -c -o $@ $< $(CFLAGS)

# 1 implicit rules, 0 (0.0%) terminal.
# Files

# Not a target:
Makefile:
#  Implicit rule search has been done.
#  Last modified 2022-04-02 17:16:57.193796448
#  File has been updated.
#  Successfully updated.

# Not a target:
master.o:
#  Implicit rule search has not been done.
#  Modification time never checked.
#  File has not been updated.

clean:
#  Implicit rule search has not been done.
#  Modification time never checked.
#  File has not been updated.
#  recipe to execute (from 'Makefile', line 11):
	rm -f *.o
	rm -f master
	rm -f worker

# Not a target:
threading_utils.o:
#  Implicit rule search has not been done.
#  Modification time never checked.
#  File has not been updated.

bash:
#  Implicit rule search has not been done.
#  Modification time never checked.
#  File has not been updated.
#  recipe to execute (from 'Makefile', line 28):
	bash

worker: worker.o metadata_utils.o queue.o threading_utils.o
#  Implicit rule search has not been done.
#  Modification time never checked.
#  File has not been updated.
#  recipe to execute (from 'Makefile', line 19):
	$(CC) -o $@ $^ $(CFLAGS)

master: master.o metadata_utils.o queue.o threading_utils.o
#  Implicit rule search has not been done.
#  Modification time never checked.
#  File has not been updated.
#  recipe to execute (from 'Makefile', line 16):
	$(CC) -o $@ $^ $(CFLAGS)

# Not a target:
.DEFAULT:
#  Implicit rule search has not been done.
#  Modification time never checked.
#  File has not been updated.

# Not a target:
queue.o:
#  Implicit rule search has not been done.
#  Modification time never checked.
#  File has not been updated.

# Not a target:
all:
#  Command line target.
#  Implicit rule search has been done.
#  File does not exist.
#  File has not been updated.

run-master: master
#  Implicit rule search has not been done.
#  Modification time never checked.
#  File has not been updated.
#  recipe to execute (from 'Makefile', line 22):
	./master

# Not a target:
worker.o:
#  Implicit rule search has not been done.
#  Modification time never checked.
#  File has not been updated.

run-worker: worker
#  Implicit rule search has not been done.
#  Modification time never checked.
#  File has not been updated.
#  recipe to execute (from 'Makefile', line 25):
	./worker

# Not a target:
metadata_utils.o:
#  Implicit rule search has not been done.
#  Modification time never checked.
#  File has not been updated.

# files hash-table stats:
# Load=15/1024=1%, Rehash=0, Collisions=3/35=9%
# VPATH Search Paths

# No 'vpath' search paths.

# No general ('VPATH' variable) search path.

# strcache buffers: 1 (0) / strings = 35 / storage = 355 B / avg = 10 B
# current buf: size = 8162 B / used = 355 B / count = 35 / avg = 10 B

# strcache performance: lookups = 50 / hit rate = 30%
# hash-table stats:
# Load=35/8192=0%, Rehash=0, Collisions=2/50=4%
# Finished Make data base on Tue Apr  5 11:45:51 2022

 
